# JRE version: OpenJDK Runtime Environment (23.0.1+11) (build 23.0.1+11-39)
# Java VM: OpenJDK 64-Bit Server VM (23.0.1+11-39, mixed mode, sharing, tiered, compressed oops, compressed class ptrs, g1 gc, windows-amd64)
GC Precious Log:
 CardTable entry size: 512
 Card Set container configuration: InlinePtr #cards 4 size 8 Array Of Cards #cards 16 size 48 Howl #buckets 8 coarsen threshold 3686 Howl Bitmap #cards 512 size 80 coarsen threshold 460 Card regions per heap region 1 cards per card region 4096
 CPUs: 12 total, 12 available
 Memory: 15711M
 Large Page Support: Disabled
 NUMA Support: Disabled
 Compressed Oops: Enabled (Zero based)
 Heap Region Size: 2M
 Heap Min Capacity: 8M
 Heap Initial Capacity: 246M
 Heap Max Capacity: 3928M
 Pre-touch: Disabled
 Parallel Workers: 10
 Concurrent Workers: 3
 Concurrent Refinement Workers: 10
 Periodic GC: Disabled
Heap:
 garbage-first heap   total reserved 4022272K, committed 137216K, used 114940K [0x000000070a800000, 0x0000000800000000)
  region size 2048K, 11 young (22528K), 2 survivors (4096K)
 Metaspace       used 92057K, committed 92800K, reserved 1179648K
  class space    used 13348K, committed 13696K, reserved 1048576K
GC Heap History (20 events):
Event: 5.818 GC heap before
{Heap before GC invocations=13 (full 0):
 garbage-first heap   total reserved 4022272K, committed 49152K, used 38356K [0x000000070a800000, 0x0000000800000000)
  region size 2048K, 9 young (18432K), 2 survivors (4096K)
 Metaspace       used 52915K, committed 53504K, reserved 1114112K
  class space    used 7080K, committed 7360K, reserved 1048576K
}
Event: 5.822 GC heap after
{Heap after GC invocations=14 (full 0):
 garbage-first heap   total reserved 4022272K, committed 49152K, used 24714K [0x000000070a800000, 0x0000000800000000)
  region size 2048K, 1 young (2048K), 1 survivors (2048K)
 Metaspace       used 52915K, committed 53504K, reserved 1114112K
  class space    used 7080K, committed 7360K, reserved 1048576K
}
Event: 6.272 GC heap before
{Heap before GC invocations=15 (full 0):
 garbage-first heap   total reserved 4022272K, committed 49152K, used 41098K [0x000000070a800000, 0x0000000800000000)
  region size 2048K, 9 young (18432K), 1 survivors (2048K)
 Metaspace       used 57219K, committed 57792K, reserved 1114112K
  class space    used 7941K, committed 8192K, reserved 1048576K
}
Event: 6.275 GC heap after
{Heap after GC invocations=16 (full 0):
 garbage-first heap   total reserved 4022272K, committed 49152K, used 25045K [0x000000070a800000, 0x0000000800000000)
  region size 2048K, 2 young (4096K), 2 survivors (4096K)
 Metaspace       used 57219K, committed 57792K, reserved 1114112K
  class space    used 7941K, committed 8192K, reserved 1048576K
}
Event: 6.443 GC heap before
{Heap before GC invocations=16 (full 0):
 garbage-first heap   total reserved 4022272K, committed 49152K, used 37333K [0x000000070a800000, 0x0000000800000000)
  region size 2048K, 8 young (16384K), 2 survivors (4096K)
 Metaspace       used 57608K, committed 58240K, reserved 1114112K
  class space    used 7982K, committed 8256K, reserved 1048576K
}
Event: 6.446 GC heap after
{Heap after GC invocations=17 (full 0):
 garbage-first heap   total reserved 4022272K, committed 49152K, used 25807K [0x000000070a800000, 0x0000000800000000)
  region size 2048K, 1 young (2048K), 1 survivors (2048K)
 Metaspace       used 57608K, committed 58240K, reserved 1114112K
  class space    used 7982K, committed 8256K, reserved 1048576K
}
Event: 6.776 GC heap before
{Heap before GC invocations=17 (full 0):
 garbage-first heap   total reserved 4022272K, committed 49152K, used 40143K [0x000000070a800000, 0x0000000800000000)
  region size 2048K, 8 young (16384K), 1 survivors (2048K)
 Metaspace       used 61325K, committed 62016K, reserved 1114112K
  class space    used 8575K, committed 8896K, reserved 1048576K
}
Event: 6.779 GC heap after
{Heap after GC invocations=18 (full 0):
 garbage-first heap   total reserved 4022272K, committed 151552K, used 26758K [0x000000070a800000, 0x0000000800000000)
  region size 2048K, 1 young (2048K), 1 survivors (2048K)
 Metaspace       used 61325K, committed 62016K, reserved 1114112K
  class space    used 8575K, committed 8896K, reserved 1048576K
}
Event: 7.769 GC heap before
{Heap before GC invocations=19 (full 0):
 garbage-first heap   total reserved 4022272K, committed 96256K, used 80006K [0x000000070a800000, 0x0000000800000000)
  region size 2048K, 28 young (57344K), 1 survivors (2048K)
 Metaspace       used 69232K, committed 69952K, reserved 1114112K
  class space    used 9569K, committed 9856K, reserved 1048576K
}
Event: 7.775 GC heap after
{Heap after GC invocations=20 (full 0):
 garbage-first heap   total reserved 4022272K, committed 96256K, used 31909K [0x000000070a800000, 0x0000000800000000)
  region size 2048K, 4 young (8192K), 4 survivors (8192K)
 Metaspace       used 69232K, committed 69952K, reserved 1114112K
  class space    used 9569K, committed 9856K, reserved 1048576K
}
Event: 9.362 GC heap before
{Heap before GC invocations=20 (full 0):
 garbage-first heap   total reserved 4022272K, committed 96256K, used 74917K [0x000000070a800000, 0x0000000800000000)
  region size 2048K, 26 young (53248K), 4 survivors (8192K)
 Metaspace       used 74124K, committed 74880K, reserved 1114112K
  class space    used 10248K, committed 10560K, reserved 1048576K
}
Event: 9.368 GC heap after
{Heap after GC invocations=21 (full 0):
 garbage-first heap   total reserved 4022272K, committed 96256K, used 35720K [0x000000070a800000, 0x0000000800000000)
  region size 2048K, 3 young (6144K), 3 survivors (6144K)
 Metaspace       used 74124K, committed 74880K, reserved 1114112K
  class space    used 10248K, committed 10560K, reserved 1048576K
}
Event: 9.450 GC heap before
{Heap before GC invocations=21 (full 0):
 garbage-first heap   total reserved 4022272K, committed 96256K, used 37768K [0x000000070a800000, 0x0000000800000000)
  region size 2048K, 5 young (10240K), 3 survivors (6144K)
 Metaspace       used 75176K, committed 75904K, reserved 1114112K
  class space    used 10439K, committed 10752K, reserved 1048576K
}
Event: 9.453 GC heap after
{Heap after GC invocations=22 (full 0):
 garbage-first heap   total reserved 4022272K, committed 96256K, used 36166K [0x000000070a800000, 0x0000000800000000)
  region size 2048K, 1 young (2048K), 1 survivors (2048K)
 Metaspace       used 75176K, committed 75904K, reserved 1114112K
  class space    used 10439K, committed 10752K, reserved 1048576K
}
Event: 30.310 GC heap before
{Heap before GC invocations=23 (full 0):
 garbage-first heap   total reserved 4022272K, committed 96256K, used 89414K [0x000000070a800000, 0x0000000800000000)
  region size 2048K, 21 young (43008K), 1 survivors (2048K)
 Metaspace       used 85745K, committed 86528K, reserved 1179648K
  class space    used 12274K, committed 12608K, reserved 1048576K
}
Event: 30.317 GC heap after
{Heap after GC invocations=24 (full 0):
 garbage-first heap   total reserved 4022272K, committed 102400K, used 55930K [0x000000070a800000, 0x0000000800000000)
  region size 2048K, 3 young (6144K), 3 survivors (6144K)
 Metaspace       used 85745K, committed 86528K, reserved 1179648K
  class space    used 12274K, committed 12608K, reserved 1048576K
}
Event: 32.992 GC heap before
{Heap before GC invocations=24 (full 0):
 garbage-first heap   total reserved 4022272K, committed 102400K, used 84602K [0x000000070a800000, 0x0000000800000000)
  region size 2048K, 18 young (36864K), 3 survivors (6144K)
 Metaspace       used 89696K, committed 90432K, reserved 1179648K
  class space    used 13078K, committed 13376K, reserved 1048576K
}
Event: 32.999 GC heap after
{Heap after GC invocations=25 (full 0):
 garbage-first heap   total reserved 4022272K, committed 110592K, used 71479K [0x000000070a800000, 0x0000000800000000)
  region size 2048K, 3 young (6144K), 3 survivors (6144K)
 Metaspace       used 89696K, committed 90432K, reserved 1179648K
  class space    used 13078K, committed 13376K, reserved 1048576K
}
Event: 36.186 GC heap before
{Heap before GC invocations=25 (full 0):
 garbage-first heap   total reserved 4022272K, committed 110592K, used 85815K [0x000000070a800000, 0x0000000800000000)
  region size 2048K, 11 young (22528K), 3 survivors (6144K)
 Metaspace       used 90985K, committed 91712K, reserved 1179648K
  class space    used 13216K, committed 13504K, reserved 1048576K
}
Event: 36.196 GC heap after
{Heap after GC invocations=26 (full 0):
 garbage-first heap   total reserved 4022272K, committed 110592K, used 73980K [0x000000070a800000, 0x0000000800000000)
  region size 2048K, 2 young (4096K), 2 survivors (4096K)
 Metaspace       used 90985K, committed 91712K, reserved 1179648K
  class space    used 13216K, committed 13504K, reserved 1048576K
}

