# JRE version: OpenJDK Runtime Environment (23.0.1+11) (build 23.0.1+11-39)
# Java VM: OpenJDK 64-Bit Server VM (23.0.1+11-39, mixed mode, sharing, tiered, compressed oops, compressed class ptrs, g1 gc, windows-amd64)
GC Precious Log:
 CardTable entry size: 512
 Card Set container configuration: InlinePtr #cards 4 size 8 Array Of Cards #cards 16 size 48 Howl #buckets 8 coarsen threshold 3686 Howl Bitmap #cards 512 size 80 coarsen threshold 460 Card regions per heap region 1 cards per card region 4096
 CPUs: 12 total, 12 available
 Memory: 15711M
 Large Page Support: Disabled
 NUMA Support: Disabled
 Compressed Oops: Enabled (Zero based)
 Heap Region Size: 2M
 Heap Min Capacity: 8M
 Heap Initial Capacity: 246M
 Heap Max Capacity: 3928M
 Pre-touch: Disabled
 Parallel Workers: 10
 Concurrent Workers: 3
 Concurrent Refinement Workers: 10
 Periodic GC: Disabled
Heap:
 garbage-first heap   total reserved 4022272K, committed 133120K, used 112388K [0x000000070a800000, 0x0000000800000000)
  region size 2048K, 9 young (18432K), 1 survivors (2048K)
 Metaspace       used 91554K, committed 92352K, reserved 1179648K
  class space    used 13292K, committed 13632K, reserved 1048576K
GC Heap History (20 events):
Event: 5.382 GC heap before
{Heap before GC invocations=11 (full 0):
 garbage-first heap   total reserved 4022272K, committed 55296K, used 44143K [0x000000070a800000, 0x0000000800000000)
  region size 2048K, 13 young (26624K), 2 survivors (4096K)
 Metaspace       used 52522K, committed 53056K, reserved 1114112K
  class space    used 7057K, committed 7296K, reserved 1048576K
}
Event: 5.387 GC heap after
{Heap after GC invocations=12 (full 0):
 garbage-first heap   total reserved 4022272K, committed 55296K, used 25077K [0x000000070a800000, 0x0000000800000000)
  region size 2048K, 2 young (4096K), 2 survivors (4096K)
 Metaspace       used 52522K, committed 53056K, reserved 1114112K
  class space    used 7057K, committed 7296K, reserved 1048576K
}
Event: 5.750 GC heap before
{Heap before GC invocations=12 (full 0):
 garbage-first heap   total reserved 4022272K, committed 55296K, used 45557K [0x000000070a800000, 0x0000000800000000)
  region size 2048K, 12 young (24576K), 2 survivors (4096K)
 Metaspace       used 57646K, committed 58240K, reserved 1114112K
  class space    used 7977K, committed 8256K, reserved 1048576K
}
Event: 5.753 GC heap after
{Heap after GC invocations=13 (full 0):
 garbage-first heap   total reserved 4022272K, committed 153600K, used 25965K [0x000000070a800000, 0x0000000800000000)
  region size 2048K, 2 young (4096K), 2 survivors (4096K)
 Metaspace       used 57646K, committed 58240K, reserved 1114112K
  class space    used 7977K, committed 8256K, reserved 1048576K
}
Event: 5.951 GC heap before
{Heap before GC invocations=13 (full 0):
 garbage-first heap   total reserved 4022272K, committed 153600K, used 38253K [0x000000070a800000, 0x0000000800000000)
  region size 2048K, 10 young (20480K), 2 survivors (4096K)
 Metaspace       used 59491K, committed 60096K, reserved 1114112K
  class space    used 8241K, committed 8512K, reserved 1048576K
}
Event: 5.953 GC heap after
{Heap after GC invocations=14 (full 0):
 garbage-first heap   total reserved 4022272K, committed 153600K, used 26353K [0x000000070a800000, 0x0000000800000000)
  region size 2048K, 2 young (4096K), 2 survivors (4096K)
 Metaspace       used 59491K, committed 60096K, reserved 1114112K
  class space    used 8241K, committed 8512K, reserved 1048576K
}
Event: 6.806 GC heap before
{Heap before GC invocations=15 (full 0):
 garbage-first heap   total reserved 4022272K, committed 96256K, used 79601K [0x000000070a800000, 0x0000000800000000)
  region size 2048K, 28 young (57344K), 2 survivors (4096K)
 Metaspace       used 68061K, committed 68736K, reserved 1114112K
  class space    used 9401K, committed 9728K, reserved 1048576K
}
Event: 6.810 GC heap after
{Heap after GC invocations=16 (full 0):
 garbage-first heap   total reserved 4022272K, committed 96256K, used 31003K [0x000000070a800000, 0x0000000800000000)
  region size 2048K, 4 young (8192K), 4 survivors (8192K)
 Metaspace       used 68061K, committed 68736K, reserved 1114112K
  class space    used 9401K, committed 9728K, reserved 1048576K
}
Event: 7.692 GC heap before
{Heap before GC invocations=16 (full 0):
 garbage-first heap   total reserved 4022272K, committed 96256K, used 76059K [0x000000070a800000, 0x0000000800000000)
  region size 2048K, 26 young (53248K), 4 survivors (8192K)
 Metaspace       used 73770K, committed 74432K, reserved 1114112K
  class space    used 10198K, committed 10496K, reserved 1048576K
}
Event: 7.699 GC heap after
{Heap after GC invocations=17 (full 0):
 garbage-first heap   total reserved 4022272K, committed 96256K, used 34365K [0x000000070a800000, 0x0000000800000000)
  region size 2048K, 3 young (6144K), 3 survivors (6144K)
 Metaspace       used 73770K, committed 74432K, reserved 1114112K
  class space    used 10198K, committed 10496K, reserved 1048576K
}
Event: 7.909 GC heap before
{Heap before GC invocations=17 (full 0):
 garbage-first heap   total reserved 4022272K, committed 96256K, used 46653K [0x000000070a800000, 0x0000000800000000)
  region size 2048K, 10 young (20480K), 3 survivors (6144K)
 Metaspace       used 75215K, committed 75904K, reserved 1114112K
  class space    used 10439K, committed 10752K, reserved 1048576K
}
Event: 7.913 GC heap after
{Heap after GC invocations=18 (full 0):
 garbage-first heap   total reserved 4022272K, committed 96256K, used 35801K [0x000000070a800000, 0x0000000800000000)
  region size 2048K, 3 young (6144K), 3 survivors (6144K)
 Metaspace       used 75215K, committed 75904K, reserved 1114112K
  class space    used 10439K, committed 10752K, reserved 1048576K
}
Event: 7.934 GC heap before
{Heap before GC invocations=18 (full 0):
 garbage-first heap   total reserved 4022272K, committed 96256K, used 39897K [0x000000070a800000, 0x0000000800000000)
  region size 2048K, 4 young (8192K), 3 survivors (6144K)
 Metaspace       used 75335K, committed 76096K, reserved 1114112K
  class space    used 10456K, committed 10816K, reserved 1048576K
}
Event: 7.937 GC heap after
{Heap after GC invocations=19 (full 0):
 garbage-first heap   total reserved 4022272K, committed 96256K, used 39786K [0x000000070a800000, 0x0000000800000000)
  region size 2048K, 1 young (2048K), 1 survivors (2048K)
 Metaspace       used 75335K, committed 76096K, reserved 1114112K
  class space    used 10456K, committed 10816K, reserved 1048576K
}
Event: 28.246 GC heap before
{Heap before GC invocations=20 (full 0):
 garbage-first heap   total reserved 4022272K, committed 96256K, used 90986K [0x000000070a800000, 0x0000000800000000)
  region size 2048K, 22 young (45056K), 1 survivors (2048K)
 Metaspace       used 86076K, committed 86848K, reserved 1179648K
  class space    used 12343K, committed 12672K, reserved 1048576K
}
Event: 28.256 GC heap after
{Heap after GC invocations=21 (full 0):
 garbage-first heap   total reserved 4022272K, committed 104448K, used 57665K [0x000000070a800000, 0x0000000800000000)
  region size 2048K, 3 young (6144K), 3 survivors (6144K)
 Metaspace       used 86076K, committed 86848K, reserved 1179648K
  class space    used 12343K, committed 12672K, reserved 1048576K
}
Event: 29.073 GC heap before
{Heap before GC invocations=21 (full 0):
 garbage-first heap   total reserved 4022272K, committed 104448K, used 86337K [0x000000070a800000, 0x0000000800000000)
  region size 2048K, 18 young (36864K), 3 survivors (6144K)
 Metaspace       used 89736K, committed 90432K, reserved 1179648K
  class space    used 13083K, committed 13376K, reserved 1048576K
}
Event: 29.081 GC heap after
{Heap after GC invocations=22 (full 0):
 garbage-first heap   total reserved 4022272K, committed 112640K, used 72356K [0x000000070a800000, 0x0000000800000000)
  region size 2048K, 3 young (6144K), 3 survivors (6144K)
 Metaspace       used 89736K, committed 90432K, reserved 1179648K
  class space    used 13083K, committed 13376K, reserved 1048576K
}
Event: 31.690 GC heap before
{Heap before GC invocations=22 (full 0):
 garbage-first heap   total reserved 4022272K, committed 112640K, used 84644K [0x000000070a800000, 0x0000000800000000)
  region size 2048K, 10 young (20480K), 3 survivors (6144K)
 Metaspace       used 90969K, committed 91712K, reserved 1179648K
  class space    used 13221K, committed 13504K, reserved 1048576K
}
Event: 31.696 GC heap after
{Heap after GC invocations=23 (full 0):
 garbage-first heap   total reserved 4022272K, committed 112640K, used 73476K [0x000000070a800000, 0x0000000800000000)
  region size 2048K, 1 young (2048K), 1 survivors (2048K)
 Metaspace       used 90969K, committed 91712K, reserved 1179648K
  class space    used 13221K, committed 13504K, reserved 1048576K
}

