# JRE version: OpenJDK Runtime Environment (23.0.1+11) (build 23.0.1+11-39)
# Java VM: OpenJDK 64-Bit Server VM (23.0.1+11-39, mixed mode, sharing, tiered, compressed oops, compressed class ptrs, g1 gc, windows-amd64)
GC Precious Log:
 CardTable entry size: 512
 Card Set container configuration: InlinePtr #cards 4 size 8 Array Of Cards #cards 16 size 48 Howl #buckets 8 coarsen threshold 3686 Howl Bitmap #cards 512 size 80 coarsen threshold 460 Card regions per heap region 1 cards per card region 4096
 CPUs: 12 total, 12 available
 Memory: 15711M
 Large Page Support: Disabled
 NUMA Support: Disabled
 Compressed Oops: Enabled (Zero based)
 Heap Region Size: 2M
 Heap Min Capacity: 8M
 Heap Initial Capacity: 246M
 Heap Max Capacity: 3928M
 Pre-touch: Disabled
 Parallel Workers: 10
 Concurrent Workers: 3
 Concurrent Refinement Workers: 10
 Periodic GC: Disabled
Heap:
 garbage-first heap   total reserved 4022272K, committed 96256K, used 80080K [0x000000070a800000, 0x0000000800000000)
  region size 2048K, 7 young (14336K), 2 survivors (4096K)
 Metaspace       used 87290K, committed 88128K, reserved 1179648K
  class space    used 12678K, committed 13056K, reserved 1048576K
GC Heap History (20 events):
Event: 5.217 GC heap before
{Heap before GC invocations=8 (full 0):
 garbage-first heap   total reserved 4022272K, committed 151552K, used 26668K [0x000000070a800000, 0x0000000800000000)
  region size 2048K, 5 young (10240K), 1 survivors (2048K)
 Metaspace       used 35436K, committed 35968K, reserved 1114112K
  class space    used 4685K, committed 4928K, reserved 1048576K
}
Event: 5.219 GC heap after
{Heap after GC invocations=9 (full 0):
 garbage-first heap   total reserved 4022272K, committed 151552K, used 20618K [0x000000070a800000, 0x0000000800000000)
  region size 2048K, 1 young (2048K), 1 survivors (2048K)
 Metaspace       used 35436K, committed 35968K, reserved 1114112K
  class space    used 4685K, committed 4928K, reserved 1048576K
}
Event: 6.116 GC heap before
{Heap before GC invocations=10 (full 0):
 garbage-first heap   total reserved 4022272K, committed 75776K, used 63626K [0x000000070a800000, 0x0000000800000000)
  region size 2048K, 22 young (45056K), 1 survivors (2048K)
 Metaspace       used 47408K, committed 48000K, reserved 1114112K
  class space    used 6406K, committed 6656K, reserved 1048576K
}
Event: 6.120 GC heap after
{Heap after GC invocations=11 (full 0):
 garbage-first heap   total reserved 4022272K, committed 75776K, used 23295K [0x000000070a800000, 0x0000000800000000)
  region size 2048K, 3 young (6144K), 3 survivors (6144K)
 Metaspace       used 47408K, committed 48000K, reserved 1114112K
  class space    used 6406K, committed 6656K, reserved 1048576K
}
Event: 6.770 GC heap before
{Heap before GC invocations=11 (full 0):
 garbage-first heap   total reserved 4022272K, committed 75776K, used 58111K [0x000000070a800000, 0x0000000800000000)
  region size 2048K, 20 young (40960K), 3 survivors (6144K)
 Metaspace       used 56579K, committed 57216K, reserved 1114112K
  class space    used 7793K, committed 8064K, reserved 1048576K
}
Event: 6.778 GC heap after
{Heap after GC invocations=12 (full 0):
 garbage-first heap   total reserved 4022272K, committed 75776K, used 24804K [0x000000070a800000, 0x0000000800000000)
  region size 2048K, 3 young (6144K), 3 survivors (6144K)
 Metaspace       used 56579K, committed 57216K, reserved 1114112K
  class space    used 7793K, committed 8064K, reserved 1048576K
}
Event: 7.102 GC heap before
{Heap before GC invocations=12 (full 0):
 garbage-first heap   total reserved 4022272K, committed 75776K, used 45284K [0x000000070a800000, 0x0000000800000000)
  region size 2048K, 15 young (30720K), 3 survivors (6144K)
 Metaspace       used 59521K, committed 60160K, reserved 1114112K
  class space    used 8244K, committed 8512K, reserved 1048576K
}
Event: 7.107 GC heap after
{Heap after GC invocations=13 (full 0):
 garbage-first heap   total reserved 4022272K, committed 75776K, used 25481K [0x000000070a800000, 0x0000000800000000)
  region size 2048K, 2 young (4096K), 2 survivors (4096K)
 Metaspace       used 59521K, committed 60160K, reserved 1114112K
  class space    used 8244K, committed 8512K, reserved 1048576K
}
Event: 7.814 GC heap before
{Heap before GC invocations=14 (full 0):
 garbage-first heap   total reserved 4022272K, committed 75776K, used 62345K [0x000000070a800000, 0x0000000800000000)
  region size 2048K, 20 young (40960K), 2 survivors (4096K)
 Metaspace       used 66733K, committed 67392K, reserved 1114112K
  class space    used 9239K, committed 9536K, reserved 1048576K
}
Event: 7.820 GC heap after
{Heap after GC invocations=15 (full 0):
 garbage-first heap   total reserved 4022272K, committed 75776K, used 28733K [0x000000070a800000, 0x0000000800000000)
  region size 2048K, 3 young (6144K), 3 survivors (6144K)
 Metaspace       used 66733K, committed 67392K, reserved 1114112K
  class space    used 9239K, committed 9536K, reserved 1048576K
}
Event: 8.392 GC heap before
{Heap before GC invocations=15 (full 0):
 garbage-first heap   total reserved 4022272K, committed 75776K, used 61501K [0x000000070a800000, 0x0000000800000000)
  region size 2048K, 19 young (38912K), 3 survivors (6144K)
 Metaspace       used 70330K, committed 71040K, reserved 1114112K
  class space    used 9718K, committed 10048K, reserved 1048576K
}
Event: 8.398 GC heap after
{Heap after GC invocations=16 (full 0):
 garbage-first heap   total reserved 4022272K, committed 75776K, used 31797K [0x000000070a800000, 0x0000000800000000)
  region size 2048K, 2 young (4096K), 2 survivors (4096K)
 Metaspace       used 70330K, committed 71040K, reserved 1114112K
  class space    used 9718K, committed 10048K, reserved 1048576K
}
Event: 9.231 GC heap before
{Heap before GC invocations=16 (full 0):
 garbage-first heap   total reserved 4022272K, committed 75776K, used 62517K [0x000000070a800000, 0x0000000800000000)
  region size 2048K, 18 young (36864K), 2 survivors (4096K)
 Metaspace       used 73771K, committed 74496K, reserved 1114112K
  class space    used 10197K, committed 10496K, reserved 1048576K
}
Event: 9.235 GC heap after
{Heap after GC invocations=17 (full 0):
 garbage-first heap   total reserved 4022272K, committed 75776K, used 34885K [0x000000070a800000, 0x0000000800000000)
  region size 2048K, 2 young (4096K), 2 survivors (4096K)
 Metaspace       used 73771K, committed 74496K, reserved 1114112K
  class space    used 10197K, committed 10496K, reserved 1048576K
}
Event: 9.815 GC heap before
{Heap before GC invocations=17 (full 0):
 garbage-first heap   total reserved 4022272K, committed 75776K, used 61509K [0x000000070a800000, 0x0000000800000000)
  region size 2048K, 16 young (32768K), 2 survivors (4096K)
 Metaspace       used 78550K, committed 79296K, reserved 1179648K
  class space    used 11135K, committed 11456K, reserved 1048576K
}
Event: 9.821 GC heap after
{Heap after GC invocations=18 (full 0):
 garbage-first heap   total reserved 4022272K, committed 88064K, used 53368K [0x000000070a800000, 0x0000000800000000)
  region size 2048K, 2 young (4096K), 2 survivors (4096K)
 Metaspace       used 78550K, committed 79296K, reserved 1179648K
  class space    used 11135K, committed 11456K, reserved 1048576K
}
Event: 10.287 GC heap before
{Heap before GC invocations=18 (full 0):
 garbage-first heap   total reserved 4022272K, committed 88064K, used 69752K [0x000000070a800000, 0x0000000800000000)
  region size 2048K, 11 young (22528K), 2 survivors (4096K)
 Metaspace       used 83111K, committed 83840K, reserved 1179648K
  class space    used 12122K, committed 12416K, reserved 1048576K
}
Event: 10.291 GC heap after
{Heap after GC invocations=19 (full 0):
 garbage-first heap   total reserved 4022272K, committed 88064K, used 57131K [0x000000070a800000, 0x0000000800000000)
  region size 2048K, 2 young (4096K), 2 survivors (4096K)
 Metaspace       used 83111K, committed 83840K, reserved 1179648K
  class space    used 12122K, committed 12416K, reserved 1048576K
}
Event: 12.346 GC heap before
{Heap before GC invocations=20 (full 0):
 garbage-first heap   total reserved 4022272K, committed 96256K, used 75563K [0x000000070a800000, 0x0000000800000000)
  region size 2048K, 10 young (20480K), 2 survivors (4096K)
 Metaspace       used 86205K, committed 86976K, reserved 1179648K
  class space    used 12538K, committed 12864K, reserved 1048576K
}
Event: 12.353 GC heap after
{Heap after GC invocations=21 (full 0):
 garbage-first heap   total reserved 4022272K, committed 96256K, used 61648K [0x000000070a800000, 0x0000000800000000)
  region size 2048K, 2 young (4096K), 2 survivors (4096K)
 Metaspace       used 86205K, committed 86976K, reserved 1179648K
  class space    used 12538K, committed 12864K, reserved 1048576K
}

