# JRE version: OpenJDK Runtime Environment (23.0.1+11) (build 23.0.1+11-39)
# Java VM: OpenJDK 64-Bit Server VM (23.0.1+11-39, mixed mode, sharing, tiered, compressed oops, compressed class ptrs, g1 gc, windows-amd64)
GC Precious Log:
 CardTable entry size: 512
 Card Set container configuration: InlinePtr #cards 4 size 8 Array Of Cards #cards 16 size 48 Howl #buckets 8 coarsen threshold 3686 Howl Bitmap #cards 512 size 80 coarsen threshold 460 Card regions per heap region 1 cards per card region 4096
 CPUs: 12 total, 12 available
 Memory: 15711M
 Large Page Support: Disabled
 NUMA Support: Disabled
 Compressed Oops: Enabled (Zero based)
 Heap Region Size: 2M
 Heap Min Capacity: 8M
 Heap Initial Capacity: 246M
 Heap Max Capacity: 3928M
 Pre-touch: Disabled
 Parallel Workers: 10
 Concurrent Workers: 3
 Concurrent Refinement Workers: 10
 Periodic GC: Disabled
Heap:
 garbage-first heap   total reserved 4022272K, committed 233472K, used 180819K [0x000000070a800000, 0x0000000800000000)
  region size 2048K, 11 young (22528K), 1 survivors (2048K)
 Metaspace       used 93629K, committed 94464K, reserved 1179648K
  class space    used 13473K, committed 13824K, reserved 1048576K
GC Heap History (20 events):
Event: 60.446 GC heap before
{Heap before GC invocations=24 (full 0):
 garbage-first heap   total reserved 4022272K, committed 126976K, used 94783K [0x000000070a800000, 0x0000000800000000)
  region size 2048K, 9 young (18432K), 2 survivors (4096K)
 Metaspace       used 91075K, committed 91840K, reserved 1179648K
  class space    used 13237K, committed 13568K, reserved 1048576K
}
Event: 60.451 GC heap after
{Heap after GC invocations=25 (full 0):
 garbage-first heap   total reserved 4022272K, committed 126976K, used 82415K [0x000000070a800000, 0x0000000800000000)
  region size 2048K, 1 young (2048K), 1 survivors (2048K)
 Metaspace       used 91075K, committed 91840K, reserved 1179648K
  class space    used 13237K, committed 13568K, reserved 1048576K
}
Event: 136.598 GC heap before
{Heap before GC invocations=25 (full 0):
 garbage-first heap   total reserved 4022272K, committed 126976K, used 113135K [0x000000070a800000, 0x0000000800000000)
  region size 2048K, 14 young (28672K), 1 survivors (2048K)
 Metaspace       used 91645K, committed 92416K, reserved 1179648K
  class space    used 13282K, committed 13632K, reserved 1048576K
}
Event: 136.607 GC heap after
{Heap after GC invocations=26 (full 0):
 garbage-first heap   total reserved 4022272K, committed 126976K, used 82259K [0x000000070a800000, 0x0000000800000000)
  region size 2048K, 2 young (4096K), 2 survivors (4096K)
 Metaspace       used 91645K, committed 92416K, reserved 1179648K
  class space    used 13282K, committed 13632K, reserved 1048576K
}
Event: 136.936 GC heap before
{Heap before GC invocations=26 (full 0):
 garbage-first heap   total reserved 4022272K, committed 126976K, used 108883K [0x000000070a800000, 0x0000000800000000)
  region size 2048K, 16 young (32768K), 2 survivors (4096K)
 Metaspace       used 92282K, committed 93056K, reserved 1179648K
  class space    used 13372K, committed 13760K, reserved 1048576K
}
Event: 136.949 GC heap after
{Heap after GC invocations=27 (full 0):
 garbage-first heap   total reserved 4022272K, committed 135168K, used 102331K [0x000000070a800000, 0x0000000800000000)
  region size 2048K, 2 young (4096K), 2 survivors (4096K)
 Metaspace       used 92282K, committed 93056K, reserved 1179648K
  class space    used 13372K, committed 13760K, reserved 1048576K
}
Event: 142.133 GC heap before
{Heap before GC invocations=28 (full 0):
 garbage-first heap   total reserved 4022272K, committed 172032K, used 118715K [0x000000070a800000, 0x0000000800000000)
  region size 2048K, 11 young (22528K), 2 survivors (4096K)
 Metaspace       used 92418K, committed 93312K, reserved 1179648K
  class space    used 13373K, committed 13760K, reserved 1048576K
}
Event: 142.139 GC heap after
{Heap after GC invocations=29 (full 0):
 garbage-first heap   total reserved 4022272K, committed 172032K, used 106427K [0x000000070a800000, 0x0000000800000000)
  region size 2048K, 2 young (4096K), 2 survivors (4096K)
 Metaspace       used 92418K, committed 93312K, reserved 1179648K
  class space    used 13373K, committed 13760K, reserved 1048576K
}
Event: 162.909 GC heap before
{Heap before GC invocations=29 (full 0):
 garbage-first heap   total reserved 4022272K, committed 172032K, used 151483K [0x000000070a800000, 0x0000000800000000)
  region size 2048K, 19 young (38912K), 2 survivors (4096K)
 Metaspace       used 92977K, committed 93824K, reserved 1179648K
  class space    used 13431K, committed 13824K, reserved 1048576K
}
Event: 162.924 GC heap after
{Heap after GC invocations=30 (full 0):
 garbage-first heap   total reserved 4022272K, committed 176128K, used 133029K [0x000000070a800000, 0x0000000800000000)
  region size 2048K, 3 young (6144K), 3 survivors (6144K)
 Metaspace       used 92977K, committed 93824K, reserved 1179648K
  class space    used 13431K, committed 13824K, reserved 1048576K
}
Event: 165.108 GC heap before
{Heap before GC invocations=30 (full 0):
 garbage-first heap   total reserved 4022272K, committed 176128K, used 153509K [0x000000070a800000, 0x0000000800000000)
  region size 2048K, 14 young (28672K), 3 survivors (6144K)
 Metaspace       used 93083K, committed 93888K, reserved 1179648K
  class space    used 13432K, committed 13824K, reserved 1048576K
}
Event: 165.117 GC heap after
{Heap after GC invocations=31 (full 0):
 garbage-first heap   total reserved 4022272K, committed 176128K, used 147387K [0x000000070a800000, 0x0000000800000000)
  region size 2048K, 2 young (4096K), 2 survivors (4096K)
 Metaspace       used 93083K, committed 93888K, reserved 1179648K
  class space    used 13432K, committed 13824K, reserved 1048576K
}
Event: 165.843 GC heap before
{Heap before GC invocations=32 (full 0):
 garbage-first heap   total reserved 4022272K, committed 223232K, used 145339K [0x000000070a800000, 0x0000000800000000)
  region size 2048K, 8 young (16384K), 2 survivors (4096K)
 Metaspace       used 93112K, committed 94016K, reserved 1179648K
  class space    used 13432K, committed 13824K, reserved 1048576K
}
Event: 165.850 GC heap after
{Heap after GC invocations=33 (full 0):
 garbage-first heap   total reserved 4022272K, committed 223232K, used 138035K [0x000000070a800000, 0x0000000800000000)
  region size 2048K, 1 young (2048K), 1 survivors (2048K)
 Metaspace       used 93112K, committed 94016K, reserved 1179648K
  class space    used 13432K, committed 13824K, reserved 1048576K
}
Event: 230.772 GC heap before
{Heap before GC invocations=33 (full 0):
 garbage-first heap   total reserved 4022272K, committed 223232K, used 174899K [0x000000070a800000, 0x0000000800000000)
  region size 2048K, 20 young (40960K), 1 survivors (2048K)
 Metaspace       used 93229K, committed 94080K, reserved 1179648K
  class space    used 13432K, committed 13824K, reserved 1048576K
}
Event: 230.788 GC heap after
{Heap after GC invocations=34 (full 0):
 garbage-first heap   total reserved 4022272K, committed 223232K, used 140540K [0x000000070a800000, 0x0000000800000000)
  region size 2048K, 3 young (6144K), 3 survivors (6144K)
 Metaspace       used 93229K, committed 94080K, reserved 1179648K
  class space    used 13432K, committed 13824K, reserved 1048576K
}
Event: 301.114 GC heap before
{Heap before GC invocations=34 (full 0):
 garbage-first heap   total reserved 4022272K, committed 223232K, used 177404K [0x000000070a800000, 0x0000000800000000)
  region size 2048K, 22 young (45056K), 3 survivors (6144K)
 Metaspace       used 93295K, committed 94144K, reserved 1179648K
  class space    used 13436K, committed 13824K, reserved 1048576K
}
Event: 301.120 GC heap after
{Heap after GC invocations=35 (full 0):
 garbage-first heap   total reserved 4022272K, committed 223232K, used 137675K [0x000000070a800000, 0x0000000800000000)
  region size 2048K, 3 young (6144K), 3 survivors (6144K)
 Metaspace       used 93295K, committed 94144K, reserved 1179648K
  class space    used 13436K, committed 13824K, reserved 1048576K
}
Event: 327.822 GC heap before
{Heap before GC invocations=35 (full 0):
 garbage-first heap   total reserved 4022272K, committed 223232K, used 158155K [0x000000070a800000, 0x0000000800000000)
  region size 2048K, 14 young (28672K), 3 survivors (6144K)
 Metaspace       used 93324K, committed 94144K, reserved 1179648K
  class space    used 13437K, committed 13824K, reserved 1048576K
}
Event: 327.826 GC heap after
{Heap after GC invocations=36 (full 0):
 garbage-first heap   total reserved 4022272K, committed 223232K, used 137811K [0x000000070a800000, 0x0000000800000000)
  region size 2048K, 1 young (2048K), 1 survivors (2048K)
 Metaspace       used 93324K, committed 94144K, reserved 1179648K
  class space    used 13437K, committed 13824K, reserved 1048576K
}

