# JRE version: OpenJDK Runtime Environment (23.0.1+11) (build 23.0.1+11-39)
# Java VM: OpenJDK 64-Bit Server VM (23.0.1+11-39, mixed mode, sharing, tiered, compressed oops, compressed class ptrs, g1 gc, windows-amd64)
GC Precious Log:
 CardTable entry size: 512
 Card Set container configuration: InlinePtr #cards 4 size 8 Array Of Cards #cards 16 size 48 Howl #buckets 8 coarsen threshold 3686 Howl Bitmap #cards 512 size 80 coarsen threshold 460 Card regions per heap region 1 cards per card region 4096
 CPUs: 12 total, 12 available
 Memory: 15711M
 Large Page Support: Disabled
 NUMA Support: Disabled
 Compressed Oops: Enabled (Zero based)
 Heap Region Size: 2M
 Heap Min Capacity: 8M
 Heap Initial Capacity: 246M
 Heap Max Capacity: 3928M
 Pre-touch: Disabled
 Parallel Workers: 10
 Concurrent Workers: 3
 Concurrent Refinement Workers: 10
 Periodic GC: Disabled
Heap:
 garbage-first heap   total reserved 4022272K, committed 116736K, used 101171K [0x000000070a800000, 0x0000000800000000)
  region size 2048K, 10 young (20480K), 1 survivors (2048K)
 Metaspace       used 91615K, committed 92416K, reserved 1179648K
  class space    used 13294K, committed 13632K, reserved 1048576K
GC Heap History (20 events):
Event: 4.228 GC heap before
{Heap before GC invocations=9 (full 0):
 garbage-first heap   total reserved 4022272K, committed 81920K, used 64062K [0x000000070a800000, 0x0000000800000000)
  region size 2048K, 24 young (49152K), 2 survivors (4096K)
 Metaspace       used 47966K, committed 48512K, reserved 1114112K
  class space    used 6480K, committed 6720K, reserved 1048576K
}
Event: 4.232 GC heap after
{Heap after GC invocations=10 (full 0):
 garbage-first heap   total reserved 4022272K, committed 81920K, used 23914K [0x000000070a800000, 0x0000000800000000)
  region size 2048K, 3 young (6144K), 3 survivors (6144K)
 Metaspace       used 47966K, committed 48512K, reserved 1114112K
  class space    used 6480K, committed 6720K, reserved 1048576K
}
Event: 4.949 GC heap before
{Heap before GC invocations=10 (full 0):
 garbage-first heap   total reserved 4022272K, committed 81920K, used 62826K [0x000000070a800000, 0x0000000800000000)
  region size 2048K, 22 young (45056K), 3 survivors (6144K)
 Metaspace       used 57634K, committed 58240K, reserved 1114112K
  class space    used 7967K, committed 8256K, reserved 1048576K
}
Event: 4.954 GC heap after
{Heap after GC invocations=11 (full 0):
 garbage-first heap   total reserved 4022272K, committed 81920K, used 25439K [0x000000070a800000, 0x0000000800000000)
  region size 2048K, 3 young (6144K), 3 survivors (6144K)
 Metaspace       used 57634K, committed 58240K, reserved 1114112K
  class space    used 7967K, committed 8256K, reserved 1048576K
}
Event: 5.175 GC heap before
{Heap before GC invocations=11 (full 0):
 garbage-first heap   total reserved 4022272K, committed 81920K, used 41823K [0x000000070a800000, 0x0000000800000000)
  region size 2048K, 12 young (24576K), 3 survivors (6144K)
 Metaspace       used 59837K, committed 60480K, reserved 1114112K
  class space    used 8266K, committed 8576K, reserved 1048576K
}
Event: 5.178 GC heap after
{Heap after GC invocations=12 (full 0):
 garbage-first heap   total reserved 4022272K, committed 81920K, used 26585K [0x000000070a800000, 0x0000000800000000)
  region size 2048K, 2 young (4096K), 2 survivors (4096K)
 Metaspace       used 59837K, committed 60480K, reserved 1114112K
  class space    used 8266K, committed 8576K, reserved 1048576K
}
Event: 5.878 GC heap before
{Heap before GC invocations=13 (full 0):
 garbage-first heap   total reserved 4022272K, committed 81920K, used 65497K [0x000000070a800000, 0x0000000800000000)
  region size 2048K, 21 young (43008K), 2 survivors (4096K)
 Metaspace       used 66916K, committed 67584K, reserved 1114112K
  class space    used 9255K, committed 9536K, reserved 1048576K
}
Event: 5.881 GC heap after
{Heap after GC invocations=14 (full 0):
 garbage-first heap   total reserved 4022272K, committed 81920K, used 29885K [0x000000070a800000, 0x0000000800000000)
  region size 2048K, 3 young (6144K), 3 survivors (6144K)
 Metaspace       used 66916K, committed 67584K, reserved 1114112K
  class space    used 9255K, committed 9536K, reserved 1048576K
}
Event: 6.505 GC heap before
{Heap before GC invocations=14 (full 0):
 garbage-first heap   total reserved 4022272K, committed 81920K, used 68797K [0x000000070a800000, 0x0000000800000000)
  region size 2048K, 22 young (45056K), 3 survivors (6144K)
 Metaspace       used 71408K, committed 72128K, reserved 1114112K
  class space    used 9852K, committed 10112K, reserved 1048576K
}
Event: 6.510 GC heap after
{Heap after GC invocations=15 (full 0):
 garbage-first heap   total reserved 4022272K, committed 81920K, used 33011K [0x000000070a800000, 0x0000000800000000)
  region size 2048K, 2 young (4096K), 2 survivors (4096K)
 Metaspace       used 71408K, committed 72128K, reserved 1114112K
  class space    used 9852K, committed 10112K, reserved 1048576K
}
Event: 7.207 GC heap before
{Heap before GC invocations=15 (full 0):
 garbage-first heap   total reserved 4022272K, committed 81920K, used 61683K [0x000000070a800000, 0x0000000800000000)
  region size 2048K, 17 young (34816K), 2 survivors (4096K)
 Metaspace       used 75266K, committed 75968K, reserved 1114112K
  class space    used 10438K, committed 10752K, reserved 1048576K
}
Event: 7.210 GC heap after
{Heap after GC invocations=16 (full 0):
 garbage-first heap   total reserved 4022272K, committed 81920K, used 36324K [0x000000070a800000, 0x0000000800000000)
  region size 2048K, 2 young (4096K), 2 survivors (4096K)
 Metaspace       used 75266K, committed 75968K, reserved 1114112K
  class space    used 10438K, committed 10752K, reserved 1048576K
}
Event: 30.872 GC heap before
{Heap before GC invocations=17 (full 0):
 garbage-first heap   total reserved 4022272K, committed 81920K, used 77284K [0x000000070a800000, 0x0000000800000000)
  region size 2048K, 16 young (32768K), 2 survivors (4096K)
 Metaspace       used 83145K, committed 83840K, reserved 1179648K
  class space    used 11847K, committed 12160K, reserved 1048576K
}
Event: 30.879 GC heap after
{Heap after GC invocations=18 (full 0):
 garbage-first heap   total reserved 4022272K, committed 90112K, used 55793K [0x000000070a800000, 0x0000000800000000)
  region size 2048K, 3 young (6144K), 3 survivors (6144K)
 Metaspace       used 83145K, committed 83840K, reserved 1179648K
  class space    used 11847K, committed 12160K, reserved 1048576K
}
Event: 33.637 GC heap before
{Heap before GC invocations=18 (full 0):
 garbage-first heap   total reserved 4022272K, committed 90112K, used 74225K [0x000000070a800000, 0x0000000800000000)
  region size 2048K, 13 young (26624K), 3 survivors (6144K)
 Metaspace       used 87065K, committed 87808K, reserved 1179648K
  class space    used 12573K, committed 12864K, reserved 1048576K
}
Event: 33.645 GC heap after
{Heap after GC invocations=19 (full 0):
 garbage-first heap   total reserved 4022272K, committed 90112K, used 60079K [0x000000070a800000, 0x0000000800000000)
  region size 2048K, 2 young (4096K), 2 survivors (4096K)
 Metaspace       used 87065K, committed 87808K, reserved 1179648K
  class space    used 12573K, committed 12864K, reserved 1048576K
}
Event: 34.084 GC heap before
{Heap before GC invocations=19 (full 0):
 garbage-first heap   total reserved 4022272K, committed 90112K, used 76463K [0x000000070a800000, 0x0000000800000000)
  region size 2048K, 11 young (22528K), 2 survivors (4096K)
 Metaspace       used 89373K, committed 90112K, reserved 1179648K
  class space    used 13000K, committed 13312K, reserved 1048576K
}
Event: 34.089 GC heap after
{Heap after GC invocations=20 (full 0):
 garbage-first heap   total reserved 4022272K, committed 92160K, used 69202K [0x000000070a800000, 0x0000000800000000)
  region size 2048K, 2 young (4096K), 2 survivors (4096K)
 Metaspace       used 89373K, committed 90112K, reserved 1179648K
  class space    used 13000K, committed 13312K, reserved 1048576K
}
Event: 34.445 GC heap before
{Heap before GC invocations=21 (full 0):
 garbage-first heap   total reserved 4022272K, committed 116736K, used 79442K [0x000000070a800000, 0x0000000800000000)
  region size 2048K, 7 young (14336K), 2 survivors (4096K)
 Metaspace       used 90300K, committed 91008K, reserved 1179648K
  class space    used 13143K, committed 13440K, reserved 1048576K
}
Event: 34.449 GC heap after
{Heap after GC invocations=22 (full 0):
 garbage-first heap   total reserved 4022272K, committed 116736K, used 72499K [0x000000070a800000, 0x0000000800000000)
  region size 2048K, 1 young (2048K), 1 survivors (2048K)
 Metaspace       used 90300K, committed 91008K, reserved 1179648K
  class space    used 13143K, committed 13440K, reserved 1048576K
}

