# JRE version: OpenJDK Runtime Environment (23.0.1+11) (build 23.0.1+11-39)
# Java VM: OpenJDK 64-Bit Server VM (23.0.1+11-39, mixed mode, sharing, tiered, compressed oops, compressed class ptrs, g1 gc, windows-amd64)
GC Precious Log:
 CardTable entry size: 512
 Card Set container configuration: InlinePtr #cards 4 size 8 Array Of Cards #cards 16 size 48 Howl #buckets 8 coarsen threshold 3686 Howl Bitmap #cards 512 size 80 coarsen threshold 460 Card regions per heap region 1 cards per card region 4096
 CPUs: 12 total, 12 available
 Memory: 15711M
 Large Page Support: Disabled
 NUMA Support: Disabled
 Compressed Oops: Enabled (Zero based)
 Heap Region Size: 2M
 Heap Min Capacity: 8M
 Heap Initial Capacity: 246M
 Heap Max Capacity: 3928M
 Pre-touch: Disabled
 Parallel Workers: 10
 Concurrent Workers: 3
 Concurrent Refinement Workers: 10
 Periodic GC: Disabled
Heap:
 garbage-first heap   total reserved 4022272K, committed 137216K, used 94462K [0x000000070a800000, 0x0000000800000000)
  region size 2048K, 7 young (14336K), 2 survivors (4096K)
 Metaspace       used 91349K, committed 92224K, reserved 1179648K
  class space    used 13294K, committed 13696K, reserved 1048576K
GC Heap History (20 events):
Event: 4.193 GC heap before
{Heap before GC invocations=10 (full 0):
 garbage-first heap   total reserved 4022272K, committed 49152K, used 39435K [0x000000070a800000, 0x0000000800000000)
  region size 2048K, 10 young (20480K), 1 survivors (2048K)
 Metaspace       used 39947K, committed 40448K, reserved 1114112K
  class space    used 5488K, committed 5696K, reserved 1048576K
}
Event: 4.195 GC heap after
{Heap after GC invocations=11 (full 0):
 garbage-first heap   total reserved 4022272K, committed 49152K, used 21795K [0x000000070a800000, 0x0000000800000000)
  region size 2048K, 2 young (4096K), 2 survivors (4096K)
 Metaspace       used 39947K, committed 40448K, reserved 1114112K
  class space    used 5488K, committed 5696K, reserved 1048576K
}
Event: 4.452 GC heap before
{Heap before GC invocations=11 (full 0):
 garbage-first heap   total reserved 4022272K, committed 49152K, used 38179K [0x000000070a800000, 0x0000000800000000)
  region size 2048K, 10 young (20480K), 2 survivors (4096K)
 Metaspace       used 45540K, committed 46080K, reserved 1114112K
  class space    used 6158K, committed 6400K, reserved 1048576K
}
Event: 4.456 GC heap after
{Heap after GC invocations=12 (full 0):
 garbage-first heap   total reserved 4022272K, committed 49152K, used 22869K [0x000000070a800000, 0x0000000800000000)
  region size 2048K, 2 young (4096K), 2 survivors (4096K)
 Metaspace       used 45540K, committed 46080K, reserved 1114112K
  class space    used 6158K, committed 6400K, reserved 1048576K
}
Event: 4.747 GC heap before
{Heap before GC invocations=12 (full 0):
 garbage-first heap   total reserved 4022272K, committed 49152K, used 39253K [0x000000070a800000, 0x0000000800000000)
  region size 2048K, 10 young (20480K), 2 survivors (4096K)
 Metaspace       used 49221K, committed 49728K, reserved 1114112K
  class space    used 6651K, committed 6848K, reserved 1048576K
}
Event: 4.749 GC heap after
{Heap after GC invocations=13 (full 0):
 garbage-first heap   total reserved 4022272K, committed 151552K, used 24179K [0x000000070a800000, 0x0000000800000000)
  region size 2048K, 2 young (4096K), 2 survivors (4096K)
 Metaspace       used 49221K, committed 49728K, reserved 1114112K
  class space    used 6651K, committed 6848K, reserved 1048576K
}
Event: 5.540 GC heap before
{Heap before GC invocations=13 (full 0):
 garbage-first heap   total reserved 4022272K, committed 151552K, used 73331K [0x000000070a800000, 0x0000000800000000)
  region size 2048K, 27 young (55296K), 2 survivors (4096K)
 Metaspace       used 59902K, committed 60480K, reserved 1114112K
  class space    used 8302K, committed 8576K, reserved 1048576K
}
Event: 5.544 GC heap after
{Heap after GC invocations=14 (full 0):
 garbage-first heap   total reserved 4022272K, committed 151552K, used 25721K [0x000000070a800000, 0x0000000800000000)
  region size 2048K, 3 young (6144K), 3 survivors (6144K)
 Metaspace       used 59902K, committed 60480K, reserved 1114112K
  class space    used 8302K, committed 8576K, reserved 1048576K
}
Event: 6.382 GC heap before
{Heap before GC invocations=15 (full 0):
 garbage-first heap   total reserved 4022272K, committed 96256K, used 76921K [0x000000070a800000, 0x0000000800000000)
  region size 2048K, 28 young (57344K), 3 survivors (6144K)
 Metaspace       used 67918K, committed 68544K, reserved 1114112K
  class space    used 9396K, committed 9664K, reserved 1048576K
}
Event: 6.387 GC heap after
{Heap after GC invocations=16 (full 0):
 garbage-first heap   total reserved 4022272K, committed 96256K, used 29892K [0x000000070a800000, 0x0000000800000000)
  region size 2048K, 4 young (8192K), 4 survivors (8192K)
 Metaspace       used 67918K, committed 68544K, reserved 1114112K
  class space    used 9396K, committed 9664K, reserved 1048576K
}
Event: 7.365 GC heap before
{Heap before GC invocations=16 (full 0):
 garbage-first heap   total reserved 4022272K, committed 96256K, used 74948K [0x000000070a800000, 0x0000000800000000)
  region size 2048K, 27 young (55296K), 4 survivors (8192K)
 Metaspace       used 73751K, committed 74496K, reserved 1114112K
  class space    used 10207K, committed 10560K, reserved 1048576K
}
Event: 7.372 GC heap after
{Heap after GC invocations=17 (full 0):
 garbage-first heap   total reserved 4022272K, committed 96256K, used 35327K [0x000000070a800000, 0x0000000800000000)
  region size 2048K, 3 young (6144K), 3 survivors (6144K)
 Metaspace       used 73751K, committed 74496K, reserved 1114112K
  class space    used 10207K, committed 10560K, reserved 1048576K
}
Event: 7.592 GC heap before
{Heap before GC invocations=17 (full 0):
 garbage-first heap   total reserved 4022272K, committed 96256K, used 53759K [0x000000070a800000, 0x0000000800000000)
  region size 2048K, 9 young (18432K), 3 survivors (6144K)
 Metaspace       used 75306K, committed 76096K, reserved 1179648K
  class space    used 10467K, committed 10816K, reserved 1048576K
}
Event: 7.595 GC heap after
{Heap after GC invocations=18 (full 0):
 garbage-first heap   total reserved 4022272K, committed 96256K, used 45159K [0x000000070a800000, 0x0000000800000000)
  region size 2048K, 1 young (2048K), 1 survivors (2048K)
 Metaspace       used 75306K, committed 76096K, reserved 1179648K
  class space    used 10467K, committed 10816K, reserved 1048576K
}
Event: 27.481 GC heap before
{Heap before GC invocations=19 (full 0):
 garbage-first heap   total reserved 4022272K, committed 96256K, used 88167K [0x000000070a800000, 0x0000000800000000)
  region size 2048K, 20 young (40960K), 1 survivors (2048K)
 Metaspace       used 85283K, committed 86016K, reserved 1179648K
  class space    used 12202K, committed 12480K, reserved 1048576K
}
Event: 27.487 GC heap after
{Heap after GC invocations=20 (full 0):
 garbage-first heap   total reserved 4022272K, committed 100352K, used 56357K [0x000000070a800000, 0x0000000800000000)
  region size 2048K, 3 young (6144K), 3 survivors (6144K)
 Metaspace       used 85283K, committed 86016K, reserved 1179648K
  class space    used 12202K, committed 12480K, reserved 1048576K
}
Event: 30.200 GC heap before
{Heap before GC invocations=20 (full 0):
 garbage-first heap   total reserved 4022272K, committed 100352K, used 82981K [0x000000070a800000, 0x0000000800000000)
  region size 2048K, 17 young (34816K), 3 survivors (6144K)
 Metaspace       used 89317K, committed 90048K, reserved 1179648K
  class space    used 13034K, committed 13376K, reserved 1048576K
}
Event: 30.209 GC heap after
{Heap after GC invocations=21 (full 0):
 garbage-first heap   total reserved 4022272K, committed 108544K, used 70320K [0x000000070a800000, 0x0000000800000000)
  region size 2048K, 3 young (6144K), 3 survivors (6144K)
 Metaspace       used 89317K, committed 90048K, reserved 1179648K
  class space    used 13034K, committed 13376K, reserved 1048576K
}
Event: 33.085 GC heap before
{Heap before GC invocations=21 (full 0):
 garbage-first heap   total reserved 4022272K, committed 108544K, used 86704K [0x000000070a800000, 0x0000000800000000)
  region size 2048K, 12 young (24576K), 3 survivors (6144K)
 Metaspace       used 90888K, committed 91648K, reserved 1179648K
  class space    used 13233K, committed 13568K, reserved 1048576K
}
Event: 33.096 GC heap after
{Heap after GC invocations=22 (full 0):
 garbage-first heap   total reserved 4022272K, committed 108544K, used 73982K [0x000000070a800000, 0x0000000800000000)
  region size 2048K, 2 young (4096K), 2 survivors (4096K)
 Metaspace       used 90888K, committed 91648K, reserved 1179648K
  class space    used 13233K, committed 13568K, reserved 1048576K
}

